{"C:\\Users\\joao\\Desktop\\Portifolio\\potential-crud\\back-end\\src\\controllers\\developerController.ts": {"path":"C:\\Users\\joao\\Desktop\\Portifolio\\potential-crud\\back-end\\src\\controllers\\developerController.ts","statementMap":{"0":{"start":{"line":1,"column":0},"end":{"line":1,"column":52}},"1":{"start":{"line":2,"column":0},"end":{"line":2,"column":50}},"2":{"start":{"line":4,"column":0},"end":{"line":4,"column":13}},"3":{"start":{"line":5,"column":10},"end":{"line":8,"column":null}},"4":{"start":{"line":6,"column":30},"end":{"line":6,"column":null}},"5":{"start":{"line":6,"column":13},"end":{"line":6,"column":null}},"6":{"start":{"line":7,"column":7},"end":{"line":7,"column":28}},"7":{"start":{"line":9,"column":10},"end":{"line":12,"column":null}},"8":{"start":{"line":10,"column":30},"end":{"line":10,"column":null}},"9":{"start":{"line":10,"column":14},"end":{"line":10,"column":null}},"10":{"start":{"line":11,"column":8},"end":{"line":11,"column":29}},"11":{"start":{"line":14,"column":10},"end":{"line":18,"column":null}},"12":{"start":{"line":15,"column":26},"end":{"line":15,"column":null}},"13":{"start":{"line":15,"column":14},"end":{"line":15,"column":null}},"14":{"start":{"line":16,"column":8},"end":{"line":16,"column":25}},"15":{"start":{"line":19,"column":10},"end":{"line":22,"column":null}},"16":{"start":{"line":20,"column":26},"end":{"line":20,"column":null}},"17":{"start":{"line":20,"column":14},"end":{"line":20,"column":null}},"18":{"start":{"line":21,"column":8},"end":{"line":21,"column":25}},"19":{"start":{"line":23,"column":10},"end":{"line":27,"column":null}},"20":{"start":{"line":24,"column":26},"end":{"line":24,"column":null}},"21":{"start":{"line":24,"column":14},"end":{"line":24,"column":null}},"22":{"start":{"line":25,"column":8},"end":{"line":25,"column":null}},"23":{"start":{"line":26,"column":8},"end":{"line":26,"column":25}},"24":{"start":{"line":29,"column":10},"end":{"line":38,"column":null}},"25":{"start":{"line":30,"column":26},"end":{"line":30,"column":null}},"26":{"start":{"line":30,"column":14},"end":{"line":30,"column":null}},"27":{"start":{"line":32,"column":13},"end":{"line":32,"column":null}},"28":{"start":{"line":33,"column":29},"end":{"line":33,"column":null}},"29":{"start":{"line":33,"column":19},"end":{"line":33,"column":null}},"30":{"start":{"line":34,"column":13},"end":{"line":34,"column":28}},"31":{"start":{"line":39,"column":0},"end":{"line":39,"column":null}},"32":{"start":{"line":4,"column":13},"end":{"line":4,"column":32}}},"fnMap":{"0":{"name":"(anonymous_13)","decl":{"start":{"line":4,"column":0},"end":{"line":4,"column":13}},"loc":{"start":{"line":4,"column":0},"end":{"line":39,"column":null}}},"1":{"name":"(anonymous_15)","decl":{"start":{"line":5,"column":4},"end":{"line":5,"column":10}},"loc":{"start":{"line":5,"column":35},"end":{"line":8,"column":null}}},"2":{"name":"(anonymous_18)","decl":{"start":{"line":9,"column":4},"end":{"line":9,"column":10}},"loc":{"start":{"line":9,"column":4},"end":{"line":12,"column":null}}},"3":{"name":"(anonymous_21)","decl":{"start":{"line":14,"column":4},"end":{"line":14,"column":10}},"loc":{"start":{"line":14,"column":27},"end":{"line":18,"column":null}}},"4":{"name":"(anonymous_24)","decl":{"start":{"line":19,"column":4},"end":{"line":19,"column":10}},"loc":{"start":{"line":19,"column":31},"end":{"line":22,"column":null}}},"5":{"name":"(anonymous_27)","decl":{"start":{"line":23,"column":4},"end":{"line":23,"column":10}},"loc":{"start":{"line":23,"column":36},"end":{"line":27,"column":null}}},"6":{"name":"(anonymous_30)","decl":{"start":{"line":29,"column":4},"end":{"line":29,"column":10}},"loc":{"start":{"line":29,"column":42},"end":{"line":38,"column":null}}}},"branchMap":{"0":{"loc":{"start":{"line":6,"column":30},"end":{"line":6,"column":null}},"type":"switch","locations":[{"start":{"line":6,"column":30},"end":{"line":6,"column":null}}]},"1":{"loc":{"start":{"line":10,"column":30},"end":{"line":10,"column":null}},"type":"switch","locations":[{"start":{"line":10,"column":30},"end":{"line":10,"column":null}}]},"2":{"loc":{"start":{"line":15,"column":26},"end":{"line":15,"column":null}},"type":"switch","locations":[{"start":{"line":15,"column":26},"end":{"line":15,"column":null}}]},"3":{"loc":{"start":{"line":20,"column":26},"end":{"line":20,"column":null}},"type":"switch","locations":[{"start":{"line":20,"column":26},"end":{"line":20,"column":null}}]},"4":{"loc":{"start":{"line":24,"column":26},"end":{"line":24,"column":null}},"type":"switch","locations":[{"start":{"line":24,"column":26},"end":{"line":24,"column":null}}]},"5":{"loc":{"start":{"line":30,"column":26},"end":{"line":30,"column":null}},"type":"switch","locations":[{"start":{"line":30,"column":26},"end":{"line":30,"column":null}}]}},"s":{"0":1,"1":1,"2":1,"3":1,"4":2,"5":2,"6":2,"7":1,"8":1,"9":1,"10":1,"11":1,"12":1,"13":1,"14":1,"15":1,"16":0,"17":0,"18":0,"19":1,"20":1,"21":1,"22":1,"23":1,"24":1,"25":1,"26":1,"27":1,"28":1,"29":1,"30":1,"31":1,"32":1},"f":{"0":6,"1":2,"2":1,"3":1,"4":0,"5":1,"6":1},"b":{"0":[2],"1":[1],"2":[1],"3":[0],"4":[1],"5":[1]}}
,"C:\\Users\\joao\\Desktop\\Portifolio\\potential-crud\\back-end\\src\\entities\\Developer.ts": {"path":"C:\\Users\\joao\\Desktop\\Portifolio\\potential-crud\\back-end\\src\\entities\\Developer.ts","statementMap":{"0":{"start":{"line":1,"column":0},"end":{"line":1,"column":63}},"1":{"start":{"line":4,"column":0},"end":{"line":4,"column":13}},"2":{"start":{"line":6,"column":8},"end":{"line":6,"column":25}},"3":{"start":{"line":7,"column":8},"end":{"line":7,"column":29}},"4":{"start":{"line":8,"column":8},"end":{"line":8,"column":23}},"5":{"start":{"line":9,"column":8},"end":{"line":9,"column":35}},"6":{"start":{"line":10,"column":8},"end":{"line":10,"column":27}},"7":{"start":{"line":14,"column":4},"end":{"line":14,"column":null}},"8":{"start":{"line":17,"column":4},"end":{"line":17,"column":null}},"9":{"start":{"line":20,"column":4},"end":{"line":20,"column":null}},"10":{"start":{"line":23,"column":4},"end":{"line":23,"column":null}},"11":{"start":{"line":26,"column":4},"end":{"line":26,"column":null}},"12":{"start":{"line":29,"column":4},"end":{"line":29,"column":null}},"13":{"start":{"line":4,"column":13},"end":{"line":31,"column":null}},"14":{"start":{"line":31,"column":0},"end":{"line":31,"column":null}},"15":{"start":{"line":4,"column":13},"end":{"line":4,"column":22}}},"fnMap":{"0":{"name":"(anonymous_2)","decl":{"start":{"line":4,"column":0},"end":{"line":4,"column":13}},"loc":{"start":{"line":4,"column":0},"end":{"line":4,"column":13}}},"1":{"name":"Developer","decl":{"start":{"line":5,"column":4},"end":{"line":5,"column":16}},"loc":{"start":{"line":5,"column":86},"end":{"line":11,"column":5}}}},"branchMap":{},"s":{"0":1,"1":1,"2":98,"3":98,"4":98,"5":98,"6":98,"7":1,"8":1,"9":1,"10":1,"11":1,"12":1,"13":1,"14":1,"15":1},"f":{"0":1,"1":98},"b":{}}
}
