TN:
SF:src\controllers\developerController.ts
FN:4,(anonymous_13)
FN:5,(anonymous_15)
FN:9,(anonymous_18)
FN:14,(anonymous_21)
FN:19,(anonymous_24)
FN:23,(anonymous_27)
FN:29,(anonymous_30)
FNF:7
FNH:6
FNDA:6,(anonymous_13)
FNDA:2,(anonymous_15)
FNDA:1,(anonymous_18)
FNDA:1,(anonymous_21)
FNDA:0,(anonymous_24)
FNDA:1,(anonymous_27)
FNDA:1,(anonymous_30)
DA:1,1
DA:2,1
DA:4,1
DA:5,1
DA:6,2
DA:7,2
DA:9,1
DA:10,1
DA:11,1
DA:14,1
DA:15,1
DA:16,1
DA:19,1
DA:20,0
DA:21,0
DA:23,1
DA:24,1
DA:25,1
DA:26,1
DA:29,1
DA:30,1
DA:32,1
DA:33,1
DA:34,1
DA:39,1
LF:25
LH:23
BRDA:6,0,0,2
BRDA:10,1,0,1
BRDA:15,2,0,1
BRDA:20,3,0,0
BRDA:24,4,0,1
BRDA:30,5,0,1
BRF:6
BRH:5
end_of_record
TN:
SF:src\entities\Developer.ts
FN:4,(anonymous_2)
FN:5,Developer
FNF:2
FNH:2
FNDA:1,(anonymous_2)
FNDA:98,Developer
DA:1,1
DA:4,1
DA:6,98
DA:7,98
DA:8,98
DA:9,98
DA:10,98
DA:14,1
DA:17,1
DA:20,1
DA:23,1
DA:26,1
DA:29,1
DA:31,1
LF:14
LH:14
BRF:0
BRH:0
end_of_record
